This file contains any messages produced by compilers while
running configure, to aid debugging if configure makes a mistake.

It was created by libnl configure 1.1, which was
generated by GNU Autoconf 2.61.  Invocation command line was

  $ ./configure --host=/home/maj/Downloads/openwrt_310/staging_dir/toolchain-mipsel_24kec+dsp_gcc-4.8-linaro_uClibc-0.9.33.2/bin/mipsel-openwrt-linux-uclibc- CC=/home/maj/Downloads/openwrt_310/staging_dir/toolchain-mipsel_24kec+dsp_gcc-4.8-linaro_uClibc-0.9.33.2/bin/mipsel-openwrt-linux-uclibc-gcc AR=/home/maj/Downloads/openwrt_310/staging_dir/toolchain-mipsel_24kec+dsp_gcc-4.8-linaro_uClibc-0.9.33.2/bin/mipsel-openwrt-linux-uclibc-ar LD=/home/maj/Downloads/openwrt_310/staging_dir/toolchain-mipsel_24kec+dsp_gcc-4.8-linaro_uClibc-0.9.33.2/bin/mipsel-openwrt-linux-uclibc-ld

## --------- ##
## Platform. ##
## --------- ##

hostname = maj-VirtualBox
uname -m = x86_64
uname -r = 4.15.0-142-generic
uname -s = Linux
uname -v = #146~16.04.1-Ubuntu SMP Tue Apr 13 09:27:15 UTC 2021

/usr/bin/uname -p = unknown
/bin/uname -X     = unknown

/bin/arch              = unknown
/usr/bin/arch -k       = unknown
/usr/convex/getsysinfo = unknown
/usr/bin/hostinfo      = unknown
/bin/machine           = unknown
/usr/bin/oslevel       = unknown
/bin/universe          = unknown

PATH: /usr/local/sbin
PATH: /usr/local/bin
PATH: /usr/sbin
PATH: /usr/bin
PATH: /sbin
PATH: /bin
PATH: /snap/bin


## ----------- ##
## Core tests. ##
## ----------- ##

configure:1667: checking for /home/maj/Downloads/openwrt_310/staging_dir/toolchain-mipsel_24kec+dsp_gcc-4.8-linaro_uClibc-0.9.33.2/bin/mipsel-openwrt-linux-uclibc--gcc
configure:1694: result: /home/maj/Downloads/openwrt_310/staging_dir/toolchain-mipsel_24kec+dsp_gcc-4.8-linaro_uClibc-0.9.33.2/bin/mipsel-openwrt-linux-uclibc-gcc
configure:1972: checking for C compiler version
configure:1979: /home/maj/Downloads/openwrt_310/staging_dir/toolchain-mipsel_24kec+dsp_gcc-4.8-linaro_uClibc-0.9.33.2/bin/mipsel-openwrt-linux-uclibc-gcc --version >&5
mipsel-openwrt-linux-uclibc-gcc (OpenWrt/Linaro GCC 4.8-2014.04 unknown) 4.8.3
Copyright (C) 2013 Free Software Foundation, Inc.
This is free software; see the source for copying conditions.  There is NO
warranty; not even for MERCHANTABILITY or FITNESS FOR A PARTICULAR PURPOSE.

configure:1982: $? = 0
configure:1989: /home/maj/Downloads/openwrt_310/staging_dir/toolchain-mipsel_24kec+dsp_gcc-4.8-linaro_uClibc-0.9.33.2/bin/mipsel-openwrt-linux-uclibc-gcc -v >&5
Reading specs from /home/maj/Downloads/openwrt_310/staging_dir/toolchain-mipsel_24kec+dsp_gcc-4.8-linaro_uClibc-0.9.33.2/lib/gcc/mipsel-openwrt-linux-uclibc/4.8.3/specs
COLLECT_GCC=/home/maj/Downloads/openwrt_310/staging_dir/toolchain-mipsel_24kec+dsp_gcc-4.8-linaro_uClibc-0.9.33.2/bin/mipsel-openwrt-linux-uclibc-gcc
COLLECT_LTO_WRAPPER=/home/maj/Downloads/openwrt_310/staging_dir/toolchain-mipsel_24kec+dsp_gcc-4.8-linaro_uClibc-0.9.33.2/libexec/gcc/mipsel-openwrt-linux-uclibc/4.8.3/lto-wrapper
Target: mipsel-openwrt-linux-uclibc
Configured with: /home/maj/Downloads/openwrt_310/build_dir/toolchain-mipsel_24kec+dsp_gcc-4.8-linaro_uClibc-0.9.33.2/gcc-linaro-4.8-2014.04/configure --with-bugurl=https://dev.openwrt.org/ --with-pkgversion='OpenWrt/Linaro GCC 4.8-2014.04 unknown' --prefix=/home/maj/Downloads/openwrt_310/staging_dir/toolchain-mipsel_24kec+dsp_gcc-4.8-linaro_uClibc-0.9.33.2 --build=x86_64-linux-gnu --host=x86_64-linux-gnu --target=mipsel-openwrt-linux-uclibc --with-gnu-ld --enable-target-optspace --disable-libgomp --disable-libmudflap --disable-multilib --disable-nls --with-host-libstdcxx=-lstdc++ --with-float=soft --with-gmp=/home/maj/Downloads/openwrt_310/staging_dir/host --with-mpfr=/home/maj/Downloads/openwrt_310/staging_dir/host --disable-decimal-float --with-mips-plt --with-mpc=/home/maj/Downloads/openwrt_310/staging_dir/host --disable-libssp --disable-__cxa_atexit --with-headers=/home/maj/Downloads/openwrt_310/staging_dir/toolchain-mipsel_24kec+dsp_gcc-4.8-linaro_uClibc-0.9.33.2/include --enable-languages=c,c++ --enable-shared --enable-threads --with-slibdir=/home/maj/Downloads/openwrt_310/staging_dir/toolchain-mipsel_24kec+dsp_gcc-4.8-linaro_uClibc-0.9.33.2/lib
Thread model: posix
gcc version 4.8.3 (OpenWrt/Linaro GCC 4.8-2014.04 unknown) 
configure:1992: $? = 0
configure:1999: /home/maj/Downloads/openwrt_310/staging_dir/toolchain-mipsel_24kec+dsp_gcc-4.8-linaro_uClibc-0.9.33.2/bin/mipsel-openwrt-linux-uclibc-gcc -V >&5
mipsel-openwrt-linux-uclibc-gcc: error: unrecognized command line option '-V'
mipsel-openwrt-linux-uclibc-gcc: fatal error: no input files
compilation terminated.
configure:2002: $? = 1
configure:2025: checking for C compiler default output file name
configure:2052: /home/maj/Downloads/openwrt_310/staging_dir/toolchain-mipsel_24kec+dsp_gcc-4.8-linaro_uClibc-0.9.33.2/bin/mipsel-openwrt-linux-uclibc-gcc    conftest.c  >&5
configure:2055: $? = 0
configure:2093: result: a.out
configure:2110: checking whether the C compiler works
configure:2120: ./a.out
./configure: line 2121: ./a.out: cannot execute binary file: Exec format error
configure:2123: $? = 126
configure:2140: result: yes
configure:2147: checking whether we are cross compiling
configure:2149: result: yes
configure:2152: checking for suffix of executables
configure:2159: /home/maj/Downloads/openwrt_310/staging_dir/toolchain-mipsel_24kec+dsp_gcc-4.8-linaro_uClibc-0.9.33.2/bin/mipsel-openwrt-linux-uclibc-gcc -o conftest    conftest.c  >&5
configure:2162: $? = 0
configure:2186: result: 
configure:2192: checking for suffix of object files
configure:2218: /home/maj/Downloads/openwrt_310/staging_dir/toolchain-mipsel_24kec+dsp_gcc-4.8-linaro_uClibc-0.9.33.2/bin/mipsel-openwrt-linux-uclibc-gcc -c   conftest.c >&5
configure:2221: $? = 0
configure:2244: result: o
configure:2248: checking whether we are using the GNU C compiler
configure:2277: /home/maj/Downloads/openwrt_310/staging_dir/toolchain-mipsel_24kec+dsp_gcc-4.8-linaro_uClibc-0.9.33.2/bin/mipsel-openwrt-linux-uclibc-gcc -c   conftest.c >&5
configure:2283: $? = 0
configure:2300: result: yes
configure:2305: checking whether /home/maj/Downloads/openwrt_310/staging_dir/toolchain-mipsel_24kec+dsp_gcc-4.8-linaro_uClibc-0.9.33.2/bin/mipsel-openwrt-linux-uclibc-gcc accepts -g
configure:2335: /home/maj/Downloads/openwrt_310/staging_dir/toolchain-mipsel_24kec+dsp_gcc-4.8-linaro_uClibc-0.9.33.2/bin/mipsel-openwrt-linux-uclibc-gcc -c -g  conftest.c >&5
configure:2341: $? = 0
configure:2440: result: yes
configure:2457: checking for /home/maj/Downloads/openwrt_310/staging_dir/toolchain-mipsel_24kec+dsp_gcc-4.8-linaro_uClibc-0.9.33.2/bin/mipsel-openwrt-linux-uclibc-gcc option to accept ISO C89
configure:2531: /home/maj/Downloads/openwrt_310/staging_dir/toolchain-mipsel_24kec+dsp_gcc-4.8-linaro_uClibc-0.9.33.2/bin/mipsel-openwrt-linux-uclibc-gcc  -c -g -O2  conftest.c >&5
configure:2537: $? = 0
configure:2560: result: none needed
configure:2622: checking for a BSD-compatible install
configure:2678: result: /usr/bin/install -c
configure:2691: checking for an ANSI C-conforming const
configure:2766: /home/maj/Downloads/openwrt_310/staging_dir/toolchain-mipsel_24kec+dsp_gcc-4.8-linaro_uClibc-0.9.33.2/bin/mipsel-openwrt-linux-uclibc-gcc -c -g -O2  conftest.c >&5
configure:2772: $? = 0
configure:2787: result: yes
configure:2797: checking for inline
configure:2823: /home/maj/Downloads/openwrt_310/staging_dir/toolchain-mipsel_24kec+dsp_gcc-4.8-linaro_uClibc-0.9.33.2/bin/mipsel-openwrt-linux-uclibc-gcc -c -g -O2  conftest.c >&5
configure:2829: $? = 0
configure:2847: result: inline
configure:2873: checking for pow in -lm
configure:2908: /home/maj/Downloads/openwrt_310/staging_dir/toolchain-mipsel_24kec+dsp_gcc-4.8-linaro_uClibc-0.9.33.2/bin/mipsel-openwrt-linux-uclibc-gcc -o conftest -g -O2   conftest.c -lm   >&5
conftest.c:15:6: warning: conflicting types for built-in function 'pow' [enabled by default]
 char pow ();
      ^
configure:2914: $? = 0
configure:2932: result: yes
configure:3080: creating ./config.status

## ---------------------- ##
## Running config.status. ##
## ---------------------- ##

This file was extended by libnl config.status 1.1, which was
generated by GNU Autoconf 2.61.  Invocation command line was

  CONFIG_FILES    = 
  CONFIG_HEADERS  = 
  CONFIG_LINKS    = 
  CONFIG_COMMANDS = 
  $ ./config.status 

on maj-VirtualBox

config.status:595: creating Makefile.opts
config.status:730: WARNING:  Makefile.opts.in seems to ignore the --datarootdir setting
config.status:595: creating libnl-1.pc
config.status:595: creating doc/Doxyfile
config.status:595: creating lib/defs.h
config.status:803: lib/defs.h is unchanged

## ---------------- ##
## Cache variables. ##
## ---------------- ##

ac_cv_c_compiler_gnu=yes
ac_cv_c_const=yes
ac_cv_c_inline=inline
ac_cv_env_CC_set=set
ac_cv_env_CC_value=/home/maj/Downloads/openwrt_310/staging_dir/toolchain-mipsel_24kec+dsp_gcc-4.8-linaro_uClibc-0.9.33.2/bin/mipsel-openwrt-linux-uclibc-gcc
ac_cv_env_CFLAGS_set=
ac_cv_env_CFLAGS_value=
ac_cv_env_CPPFLAGS_set=
ac_cv_env_CPPFLAGS_value=
ac_cv_env_LDFLAGS_set=
ac_cv_env_LDFLAGS_value=
ac_cv_env_LIBS_set=
ac_cv_env_LIBS_value=
ac_cv_env_build_alias_set=
ac_cv_env_build_alias_value=
ac_cv_env_host_alias_set=set
ac_cv_env_host_alias_value=/home/maj/Downloads/openwrt_310/staging_dir/toolchain-mipsel_24kec+dsp_gcc-4.8-linaro_uClibc-0.9.33.2/bin/mipsel-openwrt-linux-uclibc-
ac_cv_env_target_alias_set=
ac_cv_env_target_alias_value=
ac_cv_lib_m_pow=yes
ac_cv_objext=o
ac_cv_path_install='/usr/bin/install -c'
ac_cv_prog_CC=/home/maj/Downloads/openwrt_310/staging_dir/toolchain-mipsel_24kec+dsp_gcc-4.8-linaro_uClibc-0.9.33.2/bin/mipsel-openwrt-linux-uclibc-gcc
ac_cv_prog_cc_c89=
ac_cv_prog_cc_g=yes

## ----------------- ##
## Output variables. ##
## ----------------- ##

CC='/home/maj/Downloads/openwrt_310/staging_dir/toolchain-mipsel_24kec+dsp_gcc-4.8-linaro_uClibc-0.9.33.2/bin/mipsel-openwrt-linux-uclibc-gcc'
CFLAGS='-g -O2'
CPPFLAGS=''
DEFS='-DHAVE_CONFIG_H'
ECHO_C=''
ECHO_N='-n'
ECHO_T=''
EXEEXT=''
INSTALL_DATA='${INSTALL} -m 644'
INSTALL_PROGRAM='${INSTALL}'
INSTALL_SCRIPT='${INSTALL}'
LDFLAGS=''
LIBNL_LIB='-lm'
LIBOBJS=''
LIBS=''
LTLIBOBJS=''
OBJEXT='o'
PACKAGE_BUGREPORT='tgraf@suug.ch'
PACKAGE_NAME='libnl'
PACKAGE_STRING='libnl 1.1'
PACKAGE_TARNAME='libnl'
PACKAGE_VERSION='1.1'
PATH_SEPARATOR=':'
SHELL='/bin/bash'
ac_ct_CC=''
bindir='${exec_prefix}/bin'
build_alias=''
datadir='${datarootdir}'
datarootdir='${prefix}/share'
docdir='${datarootdir}/doc/${PACKAGE_TARNAME}'
dvidir='${docdir}'
exec_prefix='${prefix}'
host_alias='/home/maj/Downloads/openwrt_310/staging_dir/toolchain-mipsel_24kec+dsp_gcc-4.8-linaro_uClibc-0.9.33.2/bin/mipsel-openwrt-linux-uclibc-'
htmldir='${docdir}'
includedir='${prefix}/include'
infodir='${datarootdir}/info'
libdir='${exec_prefix}/lib'
libexecdir='${exec_prefix}/libexec'
localedir='${datarootdir}/locale'
localstatedir='${prefix}/var'
mandir='${datarootdir}/man'
oldincludedir='/usr/include'
pdfdir='${docdir}'
prefix='/usr/local'
program_transform_name='s,x,x,'
psdir='${docdir}'
sbindir='${exec_prefix}/sbin'
sharedstatedir='${prefix}/com'
sysconfdir='${prefix}/etc'
target_alias=''

## ----------- ##
## confdefs.h. ##
## ----------- ##

#define PACKAGE_NAME "libnl"
#define PACKAGE_TARNAME "libnl"
#define PACKAGE_VERSION "1.1"
#define PACKAGE_STRING "libnl 1.1"
#define PACKAGE_BUGREPORT "tgraf@suug.ch"

configure: exit 0
